# JRE version: Java(TM) SE Runtime Environment (8.0_121-b13) (build 1.8.0_121-b13)
# Java VM: Java HotSpot(TM) 64-Bit Server VM (25.121-b13 mixed mode windows-amd64 compressed oops)
Heap:
 PSYoungGen      total 556544K, used 311951K [0x000000076af00000, 0x0000000790900000, 0x00000007c0000000)
  eden space 506880K, 61% used [0x000000076af00000,0x000000077dfa3c38,0x0000000789e00000)
  from space 49664K, 0% used [0x0000000789e00000,0x0000000789e00000,0x000000078ce80000)
  to   space 39424K, 0% used [0x000000078ce80000,0x000000078ce80000,0x000000078f500000)
 ParOldGen       total 175616K, used 175432K [0x00000006c0c00000, 0x00000006cb780000, 0x000000076af00000)
  object space 175616K, 99% used [0x00000006c0c00000,0x00000006cb752260,0x00000006cb780000)
 Metaspace       used 10453K, capacity 10636K, committed 10880K, reserved 1058816K
  class space    used 1253K, capacity 1321K, committed 1408K, reserved 1048576K
GC Heap History (10 events):
Event: 8.369 GC heap before
{Heap before GC invocations=12 (full 1):
 PSYoungGen      total 556544K, used 40906K [0x000000076af00000, 0x0000000790900000, 0x00000007c0000000)
  eden space 506880K, 0% used [0x000000076af00000,0x000000076af00000,0x0000000789e00000)
  from space 49664K, 82% used [0x0000000789e00000,0x000000078c5f2930,0x000000078ce80000)
  to   space 39424K, 0% used [0x000000078ce80000,0x000000078ce80000,0x000000078f500000)
 ParOldGen       total 175616K, used 175120K [0x00000006c0c00000, 0x00000006cb780000, 0x000000076af00000)
  object space 175616K, 99% used [0x00000006c0c00000,0x00000006cb704098,0x00000006cb780000)
 Metaspace       used 10453K, capacity 10636K, committed 10880K, reserved 1058816K
  class space    used 1253K, capacity 1321K, committed 1408K, reserved 1048576K
Event: 8.404 GC heap after
Heap after GC invocations=12 (full 1):
 PSYoungGen      total 556544K, used 30953K [0x000000076af00000, 0x0000000790900000, 0x00000007c0000000)
  eden space 506880K, 0% used [0x000000076af00000,0x000000076af00000,0x0000000789e00000)
  from space 49664K, 62% used [0x0000000789e00000,0x000000078bc3a530,0x000000078ce80000)
  to   space 39424K, 0% used [0x000000078ce80000,0x000000078ce80000,0x000000078f500000)
 ParOldGen       total 175616K, used 175135K [0x00000006c0c00000, 0x00000006cb780000, 0x000000076af00000)
  object space 175616K, 99% used [0x00000006c0c00000,0x00000006cb707e50,0x00000006cb780000)
 Metaspace       used 10453K, capacity 10636K, committed 10880K, reserved 1058816K
  class space    used 1253K, capacity 1321K, committed 1408K, reserved 1048576K
}
Event: 9.882 GC heap before
{Heap before GC invocations=13 (full 2):
 PSYoungGen      total 556544K, used 537833K [0x000000076af00000, 0x0000000790900000, 0x00000007c0000000)
  eden space 506880K, 100% used [0x000000076af00000,0x0000000789e00000,0x0000000789e00000)
  from space 49664K, 62% used [0x0000000789e00000,0x000000078bc3a530,0x000000078ce80000)
  to   space 39424K, 0% used [0x000000078ce80000,0x000000078ce80000,0x000000078f500000)
 ParOldGen       total 175616K, used 175135K [0x00000006c0c00000, 0x00000006cb780000, 0x000000076af00000)
  object space 175616K, 99% used [0x00000006c0c00000,0x00000006cb707e50,0x00000006cb780000)
 Metaspace       used 10453K, capacity 10636K, committed 10880K, reserved 1058816K
  class space    used 1253K, capacity 1321K, committed 1408K, reserved 1048576K
Event: 9.907 GC heap after
Heap after GC invocations=13 (full 2):
 PSYoungGen      total 556544K, used 70992K [0x000000076af00000, 0x0000000790900000, 0x00000007c0000000)
  eden space 506880K, 14% used [0x000000076af00000,0x000000076f4543f0,0x0000000789e00000)
  from space 49664K, 0% used [0x0000000789e00000,0x0000000789e00000,0x000000078ce80000)
  to   space 39424K, 0% used [0x000000078ce80000,0x000000078ce80000,0x000000078f500000)
 ParOldGen       total 175616K, used 175432K [0x00000006c0c00000, 0x00000006cb780000, 0x000000076af00000)
  object space 175616K, 99% used [0x00000006c0c00000,0x00000006cb752328,0x00000006cb780000)
 Metaspace       used 10453K, capacity 10636K, committed 10880K, reserved 1058816K
  class space    used 1253K, capacity 1321K, committed 1408K, reserved 1048576K
}
Event: 11.225 GC heap before
{Heap before GC invocations=14 (full 3):
 PSYoungGen      total 556544K, used 506880K [0x000000076af00000, 0x0000000790900000, 0x00000007c0000000)
  eden space 506880K, 100% used [0x000000076af00000,0x0000000789e00000,0x0000000789e00000)
  from space 49664K, 0% used [0x0000000789e00000,0x0000000789e00000,0x000000078ce80000)
  to   space 39424K, 0% used [0x000000078ce80000,0x000000078ce80000,0x000000078f500000)
 ParOldGen       total 175616K, used 175432K [0x00000006c0c00000, 0x00000006cb780000, 0x000000076af00000)
  object space 175616K, 99% used [0x00000006c0c00000,0x00000006cb752328,0x00000006cb780000)
 Metaspace       used 10453K, capacity 10636K, committed 10880K, reserved 1058816K
  class space    used 1253K, capacity 1321K, committed 1408K, reserved 1048576K
Event: 11.250 GC heap after
Heap after GC invocations=14 (full 3):
 PSYoungGen      total 556544K, used 105577K [0x000000076af00000, 0x0000000790900000, 0x00000007c0000000)
  eden space 506880K, 20% used [0x000000076af00000,0x000000077161a680,0x0000000789e00000)
  from space 49664K, 0% used [0x0000000789e00000,0x0000000789e00000,0x000000078ce80000)
  to   space 39424K, 0% used [0x000000078ce80000,0x000000078ce80000,0x000000078f500000)
 ParOldGen       total 175616K, used 175432K [0x00000006c0c00000, 0x00000006cb780000, 0x000000076af00000)
  object space 175616K, 99% used [0x00000006c0c00000,0x00000006cb752260,0x00000006cb780000)
 Metaspace       used 10453K, capacity 10636K, committed 10880K, reserved 1058816K
  class space    used 1253K, capacity 1321K, committed 1408K, reserved 1048576K
}
Event: 12.430 GC heap before
{Heap before GC invocations=15 (full 4):
 PSYoungGen      total 556544K, used 506880K [0x000000076af00000, 0x0000000790900000, 0x00000007c0000000)
  eden space 506880K, 100% used [0x000000076af00000,0x0000000789e00000,0x0000000789e00000)
  from space 49664K, 0% used [0x0000000789e00000,0x0000000789e00000,0x000000078ce80000)
  to   space 39424K, 0% used [0x000000078ce80000,0x000000078ce80000,0x000000078f500000)
 ParOldGen       total 175616K, used 175432K [0x00000006c0c00000, 0x00000006cb780000, 0x000000076af00000)
  object space 175616K, 99% used [0x00000006c0c00000,0x00000006cb752260,0x00000006cb780000)
 Metaspace       used 10453K, capacity 10636K, committed 10880K, reserved 1058816K
  class space    used 1253K, capacity 1321K, committed 1408K, reserved 1048576K
Event: 12.451 GC heap after
Heap after GC invocations=15 (full 4):
 PSYoungGen      total 556544K, used 137756K [0x000000076af00000, 0x0000000790900000, 0x00000007c0000000)
  eden space 506880K, 27% used [0x000000076af00000,0x0000000773587228,0x0000000789e00000)
  from space 49664K, 0% used [0x0000000789e00000,0x0000000789e00000,0x000000078ce80000)
  to   space 39424K, 0% used [0x000000078ce80000,0x000000078ce80000,0x000000078f500000)
 ParOldGen       total 175616K, used 175432K [0x00000006c0c00000, 0x00000006cb780000, 0x000000076af00000)
  object space 175616K, 99% used [0x00000006c0c00000,0x00000006cb752260,0x00000006cb780000)
 Metaspace       used 10453K, capacity 10636K, committed 10880K, reserved 1058816K
  class space    used 1253K, capacity 1321K, committed 1408K, reserved 1048576K
}
Event: 13.610 GC heap before
{Heap before GC invocations=16 (full 5):
 PSYoungGen      total 556544K, used 506880K [0x000000076af00000, 0x0000000790900000, 0x00000007c0000000)
  eden space 506880K, 100% used [0x000000076af00000,0x0000000789e00000,0x0000000789e00000)
  from space 49664K, 0% used [0x0000000789e00000,0x0000000789e00000,0x000000078ce80000)
  to   space 39424K, 0% used [0x000000078ce80000,0x000000078ce80000,0x000000078f500000)
 ParOldGen       total 175616K, used 175432K [0x00000006c0c00000, 0x00000006cb780000, 0x000000076af00000)
  object space 175616K, 99% used [0x00000006c0c00000,0x00000006cb752260,0x00000006cb780000)
 Metaspace       used 10453K, capacity 10636K, committed 10880K, reserved 1058816K
  class space    used 1253K, capacity 1321K, committed 1408K, reserved 1048576K
Event: 13.648 GC heap after
Heap after GC invocations=16 (full 5):
 PSYoungGen      total 556544K, used 167209K [0x000000076af00000, 0x0000000790900000, 0x00000007c0000000)
  eden space 506880K, 32% used [0x000000076af00000,0x000000077524a518,0x0000000789e00000)
  from space 49664K, 0% used [0x0000000789e00000,0x0000000789e00000,0x000000078ce80000)
  to   space 39424K, 0% used [0x000000078ce80000,0x000000078ce80000,0x000000078f500000)
 ParOldGen       total 175616K, used 175432K [0x00000006c0c00000, 0x00000006cb780000, 0x000000076af00000)
  object space 175616K, 99% used [0x00000006c0c00000,0x00000006cb752260,0x00000006cb780000)
 Metaspace       used 10453K, capacity 10636K, committed 10880K, reserved 1058816K
  class space    used 1253K, capacity 1321K, committed 1408K, reserved 1048576K
}

